<?xml version="1.0" encoding="UTF-8"?>
<!-- Generated by org.testng.reporters.JUnitReportReporter -->
<testsuite skipped="0" hostname="viao-PC" name="TestNG_FrameWork.InvocationCount" tests="5" failures="0" timestamp="17 Aug 2018 08:36:39 GMT" time="0.011" errors="0">
  <testcase name="sum" time="0.002" classname="TestNG_FrameWork.InvocationCount"/>
  <testcase name="sum" time="0.002" classname="TestNG_FrameWork.InvocationCount"/>
  <testcase name="sum" time="0.002" classname="TestNG_FrameWork.InvocationCount"/>
  <testcase name="sum" time="0.003" classname="TestNG_FrameWork.InvocationCount"/>
  <testcase name="sum" time="0.002" classname="TestNG_FrameWork.InvocationCount"/>
</testsuite> <!-- TestNG_FrameWork.InvocationCount -->
