<?xml version="1.0" encoding="UTF-8"?>
<!-- Generated by org.testng.reporters.JUnitReportReporter -->
<testsuite skipped="0" hostname="viao-PC" name="TestNG_FrameWork.ExceptionTimeout" tests="1" failures="0" timestamp="17 Aug 2018 08:36:40 GMT" time="0.016" errors="0">
  <testcase name="test1" time="0.016" classname="TestNG_FrameWork.ExceptionTimeout"/>
</testsuite> <!-- TestNG_FrameWork.ExceptionTimeout -->
