<?xml version="1.0" encoding="UTF-8"?>
<!-- Generated by org.testng.reporters.JUnitReportReporter -->
<testsuite skipped="0" hostname="viao-PC" name="TestNG_FrameWork.TestNG_Basic" tests="2" failures="0" timestamp="17 Aug 2018 08:36:40 GMT" time="0.004" errors="0">
  <testcase name="getTitle" time="0.002" classname="TestNG_FrameWork.TestNG_Basic"/>
  <testcase name="searchText" time="0.002" classname="TestNG_FrameWork.TestNG_Basic"/>
</testsuite> <!-- TestNG_FrameWork.TestNG_Basic -->
